SquaredLoss
Training accuracy 0.242915, test accuracy 0.313653
w=array([  1.68395892e+212,   1.08140527e+212,   1.22083686e+213,
         5.49881153e+211,   2.35211878e+212,   6.02293760e+211,
         2.37442485e+211,   1.90333790e+212,   3.24144405e+211,
         1.10318273e+212,   4.32410719e+212,   2.14942394e+212,
         4.25788989e+211,   4.76875807e+213,   1.62320323e+212,
         2.47525109e+211,   3.63780670e+212,   5.95193139e+212,
         1.04303927e+212,   2.18729195e+212,   1.99993669e+213,
         2.08382392e+211,   1.51843047e+212,   2.40750587e+212,
         9.60893157e+211,   2.80966469e+212,   4.87026452e+211,
         3.17952819e+213,   1.66926391e+212,   5.20405008e+212,
         2.46840030e+212,   2.12145215e+212,   2.47525109e+211,
         1.22607061e+212,   2.99856685e+211,   2.48377721e+211,
         9.07669370e+211,   2.00187628e+213,   1.34264843e+211,
         4.44131280e+212,   1.87296002e+212,   1.47608146e+213,
         6.69776823e+211,   2.10983733e+212,   7.10807065e+211,
         3.60156989e+212,   9.56773622e+211,   3.87693923e+211,
         1.69119904e+213,   1.71031172e+212,   2.02609898e+212,
         2.51151027e+212,   3.37339709e+211,   5.73927002e+211,
         5.95192682e+211,   7.02629873e+211,   1.09805199e+213,
         1.33688999e+212,   3.19157488e+211,   1.46723033e+212,
         9.70206215e+211,   3.04997129e+212,   6.80953951e+211,
         4.59003480e+212,   3.30364427e+212,   7.56288229e+212,
         1.15437399e+212,   5.48938180e+211,   1.96942085e+212,
         1.17642419e+212,   3.60215051e+211,   1.12678360e+213,
         1.55435347e+212,   0.00000000e+000,   1.79803803e+212,
         8.85422152e+212,   9.96689965e+211,   1.56395212e+213,
         3.02903284e+212,   1.70984478e+211,   2.96779406e+211,
         1.54207670e+212,   1.01316216e+212,   1.05613584e+212,
         1.88063684e+213,   1.09834647e+212,   2.28989210e+212,
         1.06513826e+212,   1.85165985e+212,   2.67284608e+211,
         1.04153861e+212,   1.98910465e+212,   5.44786257e+212,
         0.00000000e+000,   1.78748755e+213,   1.00171083e+213,
         4.88588319e+212,   5.51703702e+211,   4.12867031e+212,
         4.63647389e+212,   3.54128623e+213,   1.34143444e+212,
         2.78800891e+212,   9.16741946e+212,   7.85445252e+211,
         2.52318844e+212,   1.68643310e+212,   1.79849520e+211,
         4.63774766e+211,   4.75321321e+212,   1.42325964e+212,
         1.99155163e+212,   1.19069255e+212,   1.46132880e+212,
         0.00000000e+000,   1.12356089e+213,   9.63082510e+211,
         8.84014850e+211,   6.14412278e+212,   2.07757374e+212,
         1.14654424e+212,   9.15447093e+211,   4.05403021e+212,
         2.52579489e+212,   7.18832982e+211,   1.07041272e+212,
         1.44364769e+212,   4.65856465e+211,   1.99460347e+213,
         3.59625542e+212,   2.70140384e+212,   8.03812673e+211,
         2.42919710e+212,   1.98494493e+212,   1.71019374e+212,
         4.80016217e+211,   1.16889861e+212,   7.14489065e+211,
         3.43614242e+211,   3.98580944e+212,   1.96720812e+212,
         4.26721714e+212,   8.81486525e+211,   2.04929916e+213,
         3.51529128e+212,   1.25661373e+213,   1.93282319e+212,
         4.32528408e+212,   8.26990321e+211,   7.98723675e+211,
         8.85264723e+211,   0.00000000e+000,   1.28667030e+212,
         4.25579172e+212,   1.17567453e+213,   9.19337088e+211,
         2.36335562e+212,   5.99333144e+212,   3.70232485e+211,
         1.91459641e+212,   1.62555254e+212,   4.46414618e+213,
         1.20738610e+212,   5.68524313e+212,   2.07940919e+211,
         2.97707529e+212,   3.06875160e+212,   4.10980317e+212,
         2.96586376e+211,   1.33780415e+212,   2.44767935e+212,
         1.44146761e+212,   1.15729603e+212,   0.00000000e+000,
         2.50836499e+211,   3.34808677e+212,   5.17690724e+211,
         0.00000000e+000,   0.00000000e+000,   5.85119647e+211,
         6.19302774e+211,   0.00000000e+000,   2.07589884e+212,
         1.31311551e+212,   2.06382923e+213,   6.57140857e+212,
         3.00216478e+212,   1.00806223e+212,   2.45398138e+211,
         6.14682542e+212,   1.62584314e+212,   7.31417275e+212,
         6.77160809e+212,   1.91484571e+211,   2.82028835e+212,
         7.10691640e+211,   2.37442485e+211,   8.77415245e+211,
         2.68762217e+212,   6.81599514e+212,   4.33943714e+211,
         1.56482617e+212,   2.14696160e+212,   7.44925444e+211,
         4.93520764e+212,   3.01916663e+211,   0.00000000e+000,
         4.76861350e+211,   6.69414313e+212,   1.49623962e+212,
         7.04413084e+211,   3.37276719e+212,   5.84354916e+212,
         5.41580490e+211,   3.56387832e+213,   4.26582354e+211,
         2.87018205e+212,   2.81998834e+211,   4.67830926e+211,
         2.00057184e+212,   2.71258465e+212,   3.88898722e+212,
         8.46315258e+211,   5.53720062e+211,   1.68934867e+212,
         6.25378877e+212,   1.90007792e+212,   1.78353886e+212,
         1.46800366e+212,   9.87728717e+211,   1.68224520e+212,
         3.45250939e+212,   1.49313792e+212,   1.59131258e+213,
         6.18770750e+212,   7.17476399e+211,   1.55112834e+212,
         1.07678968e+212,   1.02218695e+212,   2.07940919e+211,
         3.66099412e+212,   1.29319563e+212,   3.97221261e+211,
         1.11216311e+212,   1.03401924e+213,   2.26278418e+212,
         6.26589880e+212,   2.69887529e+212,   2.13015180e+212,
         3.42596507e+211,   5.67417259e+212,   2.01653459e+212,
         1.75267748e+212,   4.51688742e+212,   1.64006618e+212,
         2.84750657e+211,   5.26520375e+212,   3.37237881e+213,
         1.36263151e+212,   1.29755447e+212,   2.76489756e+212,
         1.15340658e+212,   0.00000000e+000,   8.49964216e+211,
         1.62421665e+212,   2.60592799e+212,   2.93388096e+212,
         4.19088267e+212,   7.49803948e+212,   1.71686347e+213,
         0.00000000e+000,   2.39856802e+212,   2.58048301e+211,
         7.34139609e+212,   1.27828619e+212,   4.13965625e+212,
         7.71092553e+212,   1.43710076e+212,   8.69647910e+211,
         0.00000000e+000,   2.03786986e+212,   1.20949073e+212,
         3.22913383e+212,   6.96149514e+211,   2.21854234e+212,
         6.14826830e+212,   9.28272755e+211,   6.41364783e+211,
         5.87832332e+211,   1.53990711e+212,   3.74263649e+213,
         3.77672192e+213,   1.70984478e+211,   2.90552264e+212,
         1.48740696e+212,   7.74479817e+211,   1.40768782e+213,
         7.81248391e+211,   9.69063567e+211,   1.88994004e+212,
         3.98712281e+211,   2.86165496e+212,   7.88390950e+211,
         2.34808859e+212,   3.64501911e+212,   1.45724341e+212,
         1.67021938e+211,   6.19302774e+211,   7.92794555e+212,
         8.79011731e+211,   7.56133590e+211,   1.35002116e+212,
         1.72800107e+212,   1.35469377e+212,   7.94792913e+211,
         1.15594042e+212,   1.39063911e+212,   1.56545748e+212,
         7.55636911e+211,   1.60592529e+212,   1.21786903e+212,
         5.02776123e+212,   7.31308166e+211,   2.43567549e+211,
         2.19651167e+212,   0.00000000e+000,   3.49487907e+212,
         3.96105360e+211,   3.79417076e+211,   2.04846787e+212,
         4.80533137e+212,   7.45717765e+211,   1.13515499e+212,
         2.15352713e+212,   6.27117334e+212,   4.26582354e+211,
         1.57553128e+212,   7.10962291e+212,   1.30122107e+212,
         4.73310564e+211,   1.82230259e+212,   8.90611428e+211,
         1.19102008e+212,   5.17593701e+212,   6.94775401e+212,
         1.23718198e+212,   2.33723148e+212,   6.34173651e+211,
         3.63526887e+212,   1.79371942e+212,   5.38368342e+212,
         8.65425451e+211,   2.69704868e+211,   1.27801169e+213,
         1.19613795e+213,   3.78223149e+212,   3.69290388e+212,
         1.53015185e+212,   1.53432926e+211,   3.07427214e+212,
         2.18585826e+213,   1.86371882e+211,   1.31855487e+212,
         3.10188762e+211,   1.79849520e+211,   9.59785646e+211,
         2.43567549e+211,   9.24701231e+211,   1.52931760e+212,
         2.16826755e+212,   6.46179094e+212,   2.77912711e+212,
         2.74547086e+212,   5.05570944e+211,   6.69382104e+211,
         6.24788002e+211,   2.52682218e+212,   2.13634697e+211,
         5.42123050e+212,   0.00000000e+000,   0.00000000e+000,
         2.67406355e+212,   3.92382066e+211,   7.49691006e+212,
         2.03707696e+212,   1.28231801e+212,   8.19621107e+211,
         7.40998191e+211,   1.24539548e+212,   2.58527121e+212,
         3.86692249e+211,   2.42420575e+211,   0.00000000e+000,
         1.97924631e+212,   1.08350290e+213,   1.40676664e+212,
         1.90109112e+213,   1.22711779e+212,   6.62801522e+211,
         1.02891030e+212,   9.54491569e+211,   5.50519128e+211,
         7.74019568e+212,   1.51439922e+212,   6.22813698e+211,
         0.00000000e+000,   8.99841114e+211,   1.34264843e+211,
         8.74804966e+211,   1.73228553e+212,   8.64844375e+211,
         1.40435957e+212,   3.43912181e+212,   2.24254045e+212,
         2.30686231e+212,   1.07108820e+212,   1.52706654e+212,
         1.28205089e+212,   2.22341930e+212,   3.96109051e+211,
         1.26976002e+212,   6.53463421e+212,   8.53862928e+211,
         1.79085237e+212,   8.17666922e+211,   1.26103580e+212,
         1.05782849e+212,   1.34252036e+212,   2.50690582e+211,
         4.24856428e+212,   1.28686949e+212,   1.35083389e+212,
         8.56122799e+211,   0.00000000e+000,   4.52602598e+212,
         3.14514956e+212,   0.00000000e+000,   6.42633773e+212,
         2.65092721e+212,   4.24462898e+213,   1.76621700e+213,
         1.98766395e+212,   3.43052723e+213,   1.18765030e+212,
         2.53539840e+212,   2.40266673e+212,   6.20601881e+211,
         9.18765535e+211,   0.00000000e+000,   2.02769743e+212,
         5.54322874e+212,   7.02022123e+212,   1.05224039e+212,
         3.00954731e+212,   5.00646993e+212,   7.43673962e+211,
         1.29954970e+212,   2.10045165e+212,   9.63344388e+212,
         5.93375357e+212,   2.29031038e+211,   5.63676509e+211,
         7.94518367e+211,   4.53421800e+212,   9.32773527e+212,
         7.13102983e+211,   5.65537773e+212,   2.58752516e+212,
         5.67364002e+212,   1.32585156e+212,   2.70839479e+212,
         1.87732689e+212,   3.24144405e+211,   6.22813698e+211,
         1.36694883e+212,   7.93102180e+211,   1.37918917e+212,
         7.02424356e+211,   7.44776588e+211,   1.27606428e+212,
         2.96779406e+211,   2.31197755e+212,   1.46868451e+212,
         3.45314092e+212,   1.02710885e+212,   2.36806208e+212,
         1.80982353e+213,   7.14540831e+211,   7.18618778e+211,
         6.37855224e+212,   1.32960020e+212,   1.15631557e+212,
         6.97780523e+211,   1.39919652e+212,   3.03569596e+212,
         2.25201946e+212,   3.26857046e+212,   2.74758427e+213,
         4.50820085e+212,   6.27407911e+211,   7.72245012e+211,
         1.08451149e+212,   1.26272690e+212,   2.82307621e+211,
         7.88939415e+211,   1.14850581e+212,   3.27626554e+211,
         2.44087594e+212,   8.68432393e+211,   1.16820238e+212,
         3.52910753e+212,   2.36530918e+212,   1.59290086e+213,
         1.34264843e+211,   2.73151228e+211,   9.15820307e+211,
         3.62069209e+212,   6.51508163e+212,   1.32553559e+213,
         0.00000000e+000,   3.12010436e+213,   1.01038771e+213,
         8.55972091e+211,   1.19680685e+212,   1.13100424e+212,
         7.37189686e+211,   5.11599437e+211,   1.56558544e+212,
         8.80537404e+211,   1.23637381e+212,   1.54749307e+212,
         4.01470245e+212,   4.85533471e+211,   4.09498769e+212,
         3.97019797e+212,   8.58798070e+211,   2.22260831e+211,
         8.59202889e+210,   1.34666002e+212,   1.58338931e+212,
         1.48152829e+212,   8.57901275e+211,   2.43567549e+211,
         7.66035553e+211,   2.45398138e+211,   5.85221537e+211,
         6.14918041e+212,   8.08011185e+211,   1.06946512e+212,
         6.54608960e+211,   5.36849436e+212,   0.00000000e+000,
         8.33327244e+211,   7.43737651e+212,   3.39345544e+212,
         4.24760290e+211,   3.50351866e+211,   0.00000000e+000,
         4.13517456e+212,   5.29410864e+211,   8.14746823e+211,
         2.32671702e+212,   6.95270625e+211,   7.90305065e+211,
         2.35367731e+212,   2.07512099e+212,   1.42172925e+213,
         1.25140753e+212,   2.63410450e+212,   4.70165073e+212,
         8.38335868e+212,   2.66361753e+212,   1.21811032e+212,
         3.09598779e+212,   2.04022547e+212,   1.99460347e+213,
         0.00000000e+000,   5.39776779e+212,   1.24508269e+212,
         7.03561481e+211,   1.28266424e+213,   2.67475891e+212,
         1.04919390e+212,   7.59128365e+211,   7.84978374e+211,
         3.65723128e+211,   0.00000000e+000,   3.31052105e+211,
         5.00166409e+211,   5.25544429e+212,   1.55899372e+212,
         9.70749803e+211,   1.49101577e+212,   9.85039873e+211,
         1.53321304e+212,   1.93381202e+212,   2.68520294e+211,
         1.52347757e+212,   9.31144729e+211,   4.09698939e+212,
         2.69704868e+211,   1.36885299e+211,   4.67498947e+212,
         0.00000000e+000,   1.32932657e+212,   3.69405826e+212,
         1.43972234e+212,   1.88473577e+212,   3.32284500e+212,
         3.33514684e+212,   1.48187486e+212,   5.72360967e+212,
         9.24127070e+212,   3.99285449e+212,   9.03569548e+211,
         2.03387494e+212,   1.34770236e+211,   1.15729603e+212,
         2.72677713e+211,   7.09630169e+211,   1.02579645e+213,
         3.60570172e+211,   4.05994659e+212,   4.25788989e+211,
         4.40676781e+211,   2.06770433e+212,   2.99364792e+211,
         2.46888435e+212,   2.00647542e+212,   3.86618477e+211,
         2.02897257e+212,   3.80632335e+212,   3.37367460e+212,
         9.27296020e+211,   3.22024806e+212,   0.00000000e+000,
         3.42537631e+212,   6.20416842e+211,   1.08989508e+213,
         1.76483340e+212,   2.85440532e+212,   1.93776370e+212,
         1.21593012e+212,   1.19228665e+212,   1.05755741e+212,
         2.56765699e+212,   5.59452075e+212,   1.69206332e+212,
         5.38573301e+212,   2.35594976e+212,   1.86467966e+212,
         8.48010526e+211,   2.30694107e+212,   2.11765931e+212,
         3.72124025e+212,   1.15105277e+212,   2.73519039e+212,
         1.17763598e+212,   2.44612782e+212,   3.61462967e+212,
         6.87146950e+211,   2.92730721e+212,   4.13614754e+212,
         9.46639560e+211,   8.28008552e+212,   5.99790734e+211,
         1.57434704e+212,   1.42634555e+212,   1.51346289e+212,
         1.87064001e+213,   0.00000000e+000,   2.40855282e+212,
         1.72608702e+212,   1.27899444e+213,   3.96105360e+211,
         2.48097916e+212,   4.55788190e+211,   3.97099842e+212,
         1.13256296e+212,   2.23898575e+212,   2.60717377e+212,
         1.83333878e+212,   1.99075632e+212,   2.96779406e+211,
         3.26907925e+212,   7.11870667e+211,   1.45327131e+212,
         2.94514479e+212,   4.14756455e+212,   0.00000000e+000,
         1.59748196e+212,   3.69405826e+212,   2.78859907e+212,
         1.19582737e+213,   4.29450853e+212,   5.86704968e+211,
         1.45096511e+212,   1.02088762e+212,   5.40499305e+212,
         3.26640348e+211,   9.45138304e+211,   1.98880251e+212,
         3.07011435e+212,   2.55984859e+212,   2.29775125e+212,
         6.22813698e+211,   9.30963023e+211,   1.74428325e+212,
         1.52893440e+212,   5.01482316e+211,   3.15765307e+211,
         1.78634521e+211,   1.65830200e+212,   2.66279011e+212,
         5.72046930e+211,   7.33360427e+212,   1.27626360e+212,
         1.78384582e+213,   1.11432775e+212,   3.10188762e+211,
         6.13618237e+211,   1.72911612e+212,   3.44306830e+212,
         6.68845625e+211,   2.38487962e+212,   5.40427496e+212,
         1.46529175e+212,   9.25034681e+211,   2.72444810e+213,
         1.22320024e+213,   1.73282881e+212,   4.16165659e+212,
         1.09143784e+213,   2.44978771e+212,   3.31796241e+212,
         4.49163845e+212,   2.60798841e+211,   0.00000000e+000,
         0.00000000e+000,   2.07579012e+212,   4.42054839e+212,
         0.00000000e+000,   7.96505197e+211,   4.09558084e+212,
         2.41823023e+212,   1.61887020e+212,   2.15292358e+212,
         4.26515224e+212,   1.37269798e+212,   1.58139129e+213,
         8.25272862e+211,   4.25788989e+211,   9.95001546e+211,
         7.79629614e+212,   1.45485672e+212,   1.19592728e+212,
         8.19293696e+211,   4.25842133e+211,   7.60211610e+211,
         2.08781972e+211,   9.95890470e+211,   8.57530351e+212,
         1.69506122e+212,   4.05167041e+211,   1.80973063e+212,
         3.25292401e+211,   3.99325640e+212,   1.50206322e+212,
         1.50030429e+212,   4.72252636e+211,   8.55414169e+211,
         4.81953987e+211,   1.18118136e+212,   2.42403032e+213,
         8.14298269e+211,   2.98790536e+212,   1.41428946e+212,
         1.85947936e+213,   2.03244092e+213,   1.26361540e+212,
         3.82450472e+212,   0.00000000e+000,   3.97221261e+211,
         4.04954901e+212,   8.15719590e+212,   3.71660023e+212,
         3.70540958e+212,   5.86858300e+211,   1.40414281e+212,
         3.52999066e+212,   2.03397206e+212,   4.71206455e+212,
         1.22208386e+212,   3.55229981e+212,   1.14835707e+212,
         1.25015404e+212,   3.68935796e+212,   8.00141907e+211,
         0.00000000e+000,   1.24878790e+213,   8.15085160e+212,
         1.31274632e+212,   1.14767679e+213,   1.66061304e+212,
         2.56765699e+212,   2.82856571e+212,   5.10181831e+211,
         1.95074975e+211,   3.22700898e+212,   2.26846764e+212,
         2.24199134e+212,   1.33496478e+212,   1.22745576e+212,
         1.14859746e+212,   1.88343230e+212,   3.95120415e+212,
         2.06259374e+212,   1.79362773e+212,   2.32659912e+212])

----------------------------------------------------

LogisticLoss
Training accuracy 0.995951, test accuracy 0.97417
w=array([  1.81346086e-01,  -1.36591166e-02,  -1.73345720e-01,
        -1.02855865e-02,  -1.32613285e-01,   3.90886640e-02,
        -2.40393403e-02,   1.78065375e-01,   2.88840308e-02,
         5.60636772e-02,   9.32465454e-02,  -3.50576621e-02,
        -2.12385181e-03,  -1.63489755e-01,   6.13781357e-02,
        -9.53637135e-03,   4.58332368e-02,  -1.12394726e-01,
         7.09812971e-02,  -9.73976394e-02,  -2.48869702e-01,
        -5.69279004e-02,  -1.98330278e-02,  -5.74863766e-02,
         7.87791471e-02,  -3.38030279e-02,  -1.84575948e-03,
        -1.16952122e+00,  -1.90923792e-02,   5.59990037e-01,
        -1.50134434e-02,  -4.89514694e-02,  -9.53637135e-03,
        -1.57276308e-02,   1.06904554e-02,  -3.22008502e-02,
         2.21072372e-02,  -1.18086312e-01,   4.86338654e-02,
        -2.04002494e-01,  -3.49362471e-02,  -3.38795234e-01,
        -2.36907182e-02,  -7.80980698e-02,   1.09363592e-01,
         3.04889251e-02,   3.00815894e-02,   6.11360154e-02,
        -4.74272403e-01,  -5.24759799e-02,  -3.40871772e-02,
        -4.82527164e-02,  -5.91913399e-03,   1.06382623e-01,
        -2.87304357e-02,   1.35501465e-02,  -3.58802903e-01,
         6.31486114e-02,  -3.61248551e-03,  -1.94682943e-02,
         2.56087637e-02,  -9.71239742e-02,  -8.85061157e-03,
        -1.73177194e-01,  -1.32828208e-01,  -4.43088591e-02,
        -3.25854698e-02,  -6.41789111e-03,  -1.56001129e-02,
        -1.19453204e-02,   3.24993076e-02,   1.93675973e-01,
         4.32882150e-02,   0.00000000e+00,   8.12154517e-02,
        -1.97196742e-01,  -3.80870804e-02,   9.07157836e-02,
        -1.64033979e-01,   7.35196340e-02,  -5.33040216e-03,
         1.22776940e-01,  -2.42623502e-02,  -4.26551237e-02,
        -6.83593168e-01,  -1.01729835e-01,  -4.80802058e-02,
        -1.17281962e-01,   1.07104455e-02,  -6.58264777e-03,
        -1.69677979e-02,   1.40977823e-01,   6.06423262e-01,
         0.00000000e+00,   3.76676568e-03,   4.88984148e-02,
        -1.30720975e-01,   1.76312618e-02,   4.32368390e-02,
         1.19509840e-01,  -1.79071105e-01,   5.51654434e-02,
         7.81933648e-02,  -6.41732796e-03,  -7.39420138e-03,
        -7.23369897e-02,  -6.79035147e-02,  -2.28070650e-02,
         9.18716748e-02,  -1.02526850e-01,  -4.01558716e-02,
        -6.04576567e-02,  -1.13024288e-01,   8.43457950e-02,
         0.00000000e+00,  -7.79569064e-02,  -5.19380324e-02,
        -4.26201829e-02,  -2.02237942e-01,   3.18863614e-02,
        -1.36572190e-01,   1.56798560e-01,   6.27177228e-02,
         3.38819991e-02,   1.01783882e-01,  -3.89145845e-02,
        -1.07208919e-01,   1.32320802e-01,  -7.77003195e-02,
        -1.37040548e-01,  -1.20860685e-01,   6.83891574e-02,
        -5.35568399e-02,  -7.66070125e-02,   8.52011590e-02,
        -1.52231931e-03,  -2.40965739e-02,  -6.37953406e-03,
        -2.93147759e-03,   3.31794379e-01,  -9.11068031e-02,
        -2.25913323e-01,  -5.48961985e-02,   9.15167863e-02,
        -5.83719961e-03,   6.42995512e-02,  -9.22934097e-02,
        -1.07261829e-02,   7.17397243e-02,  -1.25989309e-01,
         3.29203989e-03,   0.00000000e+00,  -4.82324287e-02,
        -3.87989939e-02,   4.31302475e-01,   1.53595074e-04,
        -5.17829109e-02,  -3.24110079e-02,  -1.07905197e-02,
         6.73526759e-02,  -2.52731263e-02,   1.35442273e-01,
         3.16230664e-02,  -6.90304083e-02,   1.00661489e-01,
         6.19665513e-03,   2.11308188e-01,   3.85646197e-02,
         2.20323678e-02,   4.20773649e-02,   8.34291337e-02,
         2.55389775e-02,   1.42780893e-01,   0.00000000e+00,
        -1.01384551e-01,   1.27689301e-01,  -8.13740801e-02,
         0.00000000e+00,   0.00000000e+00,  -6.14756519e-02,
        -8.52023116e-02,   0.00000000e+00,  -9.32518213e-02,
        -4.79755919e-02,  -3.17655956e-02,  -2.49628224e-01,
        -4.65637464e-04,  -5.68937635e-02,  -1.63565573e-02,
        -4.76536148e-02,   3.92866899e-02,  -2.01968351e-01,
         7.70124769e-01,  -2.47299329e-02,   3.64590361e-01,
        -2.36460737e-02,  -2.40393403e-02,   7.71235860e-03,
        -4.62383888e-02,  -2.25607213e-01,  -9.96044933e-03,
        -1.68372621e-01,  -5.77141844e-02,  -5.66031762e-02,
        -1.16270464e-01,  -1.64224112e-02,   0.00000000e+00,
         1.44331957e-01,   4.51712787e-01,   1.02153503e-01,
        -3.08609448e-02,   3.85510917e-02,  -1.23334273e-01,
         1.12235825e-01,   1.35962668e-01,  -4.50822103e-03,
        -4.74470793e-03,  -5.35821443e-03,   1.30992249e-01,
         1.56666747e-01,  -5.44121927e-02,   5.12090264e-01,
        -5.27699997e-03,  -2.48596313e-02,  -7.52565503e-02,
        -9.61627351e-03,  -4.42135900e-02,  -2.97489487e-02,
        -1.98942031e-02,  -7.40248191e-02,   3.72869967e-02,
        -6.50135452e-02,   8.13723064e-02,  -9.68170609e-02,
        -2.42214214e-01,  -3.92400927e-03,  -2.28495647e-02,
         6.98734629e-02,  -2.87593019e-02,   1.00661489e-01,
        -1.95940219e-01,   2.06908792e-01,   2.99124201e-02,
        -5.20949462e-02,  -1.46634661e-01,   1.01381352e-01,
         5.38078259e-02,   4.53435649e-02,  -3.00717568e-02,
         9.56980914e-02,  -3.68878723e-02,   1.09339681e-02,
        -3.21536603e-02,   6.51557201e-02,  -6.89937977e-02,
        -1.66966301e-02,  -1.29233663e-01,  -3.35931839e-01,
        -9.83440643e-02,  -4.95057747e-02,  -2.34716118e-01,
        -4.53269184e-02,   0.00000000e+00,  -8.48783359e-03,
        -5.89629088e-02,  -1.87182874e-01,   1.89360013e-01,
        -1.13563206e-01,  -1.49870751e-01,   4.66040322e-02,
         0.00000000e+00,  -4.36508993e-02,   9.08008663e-02,
         2.14047961e-02,  -1.22791940e-02,  -1.58514941e-01,
        -1.87502047e-01,   1.46184647e-01,   5.91508888e-02,
         0.00000000e+00,  -9.44989085e-02,   7.51123283e-02,
        -5.96420895e-02,  -4.02945187e-02,   6.87309816e-02,
        -1.14711055e-01,  -7.38962612e-02,  -6.63308721e-02,
        -2.49341070e-02,  -9.55074770e-02,  -1.73166773e-01,
        -4.24603185e-02,   7.35196340e-02,  -2.33010579e-02,
         1.03688903e-01,  -1.04081854e-01,  -5.32191672e-01,
        -1.10024273e-02,   3.31383020e-02,   6.05715869e-03,
        -3.42101497e-02,   8.92487742e-02,   7.89393339e-02,
         7.51964267e-02,  -2.23966687e-01,   2.70023154e-01,
         9.73899147e-02,  -8.52023116e-02,  -2.55518703e-01,
        -4.44630054e-03,  -1.57076672e-02,  -5.27405256e-04,
         9.39658263e-03,   2.23430757e-02,   9.15728008e-03,
         1.15880294e-01,  -9.88926906e-02,  -5.19977376e-02,
         9.40036546e-02,  -1.05881564e-02,  -9.10289790e-03,
         6.54834349e-03,   5.82045378e-02,   1.54455991e-02,
         1.25892339e-01,   0.00000000e+00,  -1.54385653e-01,
        -3.00540981e-03,  -1.65259024e-02,  -1.66248011e-02,
        -2.37072528e-01,  -4.39315881e-03,  -1.96761254e-02,
         6.81509208e-05,  -1.45983390e-01,  -4.50822103e-03,
        -6.98563547e-02,   2.45094606e-01,  -1.53471579e-02,
        -2.77269662e-02,  -9.74796070e-02,  -3.87539432e-02,
        -6.87173672e-02,  -1.58099403e-01,  -2.27002848e-01,
        -1.47260347e-02,   2.50976760e-02,  -7.21936930e-03,
        -4.04134541e-02,  -1.92800246e-02,  -2.00564095e-01,
         2.54211399e-02,   2.29894763e-02,   6.89199008e-01,
        -3.49448651e-01,  -9.55812017e-02,  -2.32313718e-01,
        -4.65214948e-02,  -4.61231763e-03,  -2.08749461e-01,
        -2.54971413e-01,  -3.99942664e-02,  -2.97222899e-02,
         5.78345847e-03,  -2.28070650e-02,   1.42944204e-01,
         1.54455991e-02,  -6.69679939e-02,  -1.53701180e-02,
        -1.28037317e-02,  -1.47182524e-01,  -6.50115527e-02,
        -2.16792912e-02,  -4.10030806e-02,  -2.98521602e-03,
        -2.72227437e-02,  -5.10071186e-02,  -3.72166748e-03,
        -1.28162408e-01,   0.00000000e+00,   0.00000000e+00,
        -1.14240870e-01,  -9.02903107e-03,  -2.65334534e-01,
        -1.09565917e-01,  -9.54156930e-03,  -4.40923427e-02,
        -3.25874129e-02,  -3.98757090e-02,  -5.75079601e-02,
         6.20896153e-02,  -1.29083513e-02,   0.00000000e+00,
         2.06996341e-01,   2.27071709e-01,   5.26061332e-04,
        -4.64098397e-01,  -1.33494673e-02,   8.90699762e-02,
        -2.53240869e-02,  -6.61065689e-03,  -1.43072654e-02,
        -3.27452808e-01,  -2.08126997e-02,  -2.27953559e-02,
         0.00000000e+00,   4.51908530e-02,   4.86338654e-02,
        -2.07304322e-02,  -3.06556176e-02,  -1.96070353e-02,
        -3.34711132e-02,  -1.43274879e-01,   2.62134340e-02,
        -1.40842480e-01,  -9.35666884e-03,  -4.63584775e-02,
        -1.50030897e-01,  -1.30358908e-02,   1.75642904e-02,
         2.46290754e-02,   1.01642691e-02,   1.21241198e-01,
        -6.09789189e-02,   5.35579065e-02,  -9.43686578e-02,
        -2.16810202e-02,  -3.64050856e-02,  -2.67786552e-02,
        -1.83421856e-01,  -6.83726564e-02,  -1.18625552e-01,
        -8.02080386e-03,   0.00000000e+00,  -1.34467911e-01,
        -1.91871061e-02,   0.00000000e+00,  -3.48954607e-02,
        -1.23796781e-03,  -2.64037449e-01,   1.44097137e-01,
        -1.04712899e-01,  -1.13097761e-01,  -9.20351236e-03,
        -7.00582185e-02,  -6.27727450e-02,  -1.09282720e-02,
         6.46019157e-02,   0.00000000e+00,  -8.33108840e-02,
        -9.85166981e-02,   1.27815442e-01,  -8.54329273e-02,
        -2.92693790e-02,  -1.17840052e-01,  -5.07564674e-02,
         3.53169804e-03,   1.03365272e-01,  -3.15400666e-02,
        -2.01265110e-01,  -4.50790100e-02,  -1.04608222e-02,
        -4.17204090e-02,  -1.79080246e-01,  -4.20265142e-01,
        -4.98549639e-03,  -1.11973282e-01,  -5.26259917e-02,
        -4.00242196e-02,   2.97992290e-02,   1.28771822e-01,
         1.34367108e-02,   2.88840308e-02,  -2.27953559e-02,
        -4.53262658e-02,  -8.14074238e-03,  -1.94224347e-02,
        -4.20621300e-02,   5.16045597e-02,  -1.02603041e-02,
        -5.33040216e-03,  -8.19704050e-02,   1.08620097e-01,
        -8.93828291e-02,   3.40452821e-02,  -4.11331353e-02,
        -2.08777862e-01,  -4.77193184e-03,  -6.70194474e-03,
        -8.55128466e-02,   9.99748912e-03,  -3.91904519e-03,
         9.20528659e-03,  -3.40908407e-02,  -1.06926144e-01,
         1.98297724e-02,  -6.03141017e-02,  -7.65309391e-01,
        -1.29739629e-01,  -1.81363915e-02,  -3.40526914e-02,
        -6.95656941e-02,  -4.69253516e-02,  -2.39745896e-02,
        -3.32556686e-02,  -2.89044064e-02,  -2.28133595e-02,
        -4.58579242e-02,  -2.47566067e-02,  -2.55152556e-02,
         1.57387842e-02,  -2.42325225e-02,   3.09542847e-02,
         4.86338654e-02,   1.52180753e-02,  -5.24907728e-03,
        -6.50089641e-02,  -8.17981827e-02,  -3.00553937e-01,
         0.00000000e+00,   2.28658323e-01,  -5.09284689e-01,
        -5.59485125e-02,  -1.63797074e-01,   1.60165405e-02,
        -6.92123622e-03,   3.71434575e-02,  -2.99865178e-02,
         2.36545691e-02,  -8.78598729e-02,  -6.56579563e-02,
         1.10771859e-01,  -1.83373181e-01,   1.28531806e-01,
         2.38912702e-02,   3.86549564e-02,  -1.59052862e-03,
         1.17808319e-02,   1.94481139e-02,  -5.21516194e-02,
        -1.45567287e-01,  -5.29381595e-03,   1.54455991e-02,
        -2.57306575e-02,  -1.63565573e-02,   6.21869736e-03,
        -6.32349204e-02,  -8.17133684e-02,  -1.54722641e-02,
        -5.89125818e-02,  -3.43765338e-02,   0.00000000e+00,
         9.39708595e-02,  -2.60171777e-01,  -7.96004767e-03,
         9.23560637e-02,   2.32950234e-01,   0.00000000e+00,
         1.12669591e-02,  -9.65812978e-02,   1.28221137e-01,
        -1.41553357e-01,  -4.31753609e-03,  -2.39934886e-02,
        -1.55505680e-02,  -1.57949082e-01,  -2.84008051e-02,
        -2.81992002e-02,  -7.52444580e-02,  -1.11663710e-01,
        -1.66721896e-01,   2.50751471e-01,   1.05283646e-01,
         4.95097919e-01,  -7.18166333e-02,  -7.77003195e-02,
         0.00000000e+00,   7.10890552e-01,  -1.00281124e-02,
         1.23581285e-02,  -1.41387559e-01,  -4.92114017e-02,
        -4.02166206e-02,  -3.45825993e-02,  -3.26466647e-03,
         5.09143554e-02,   0.00000000e+00,   6.23184729e-02,
        -4.54882457e-03,  -1.48008757e-01,   8.04465436e-02,
         1.51019650e-02,   2.49603984e-01,   6.27772177e-02,
         1.83066705e-02,   1.44951280e-01,  -8.94905094e-03,
        -2.48753382e-02,  -7.20687223e-02,   1.64495553e-01,
         2.29894763e-02,  -3.36707668e-02,  -1.38597398e-02,
         0.00000000e+00,   1.79474006e-02,  -1.53864764e-02,
         9.94140991e-02,   3.37016787e-02,   6.70449935e-03,
        -7.15419851e-02,  -4.48228477e-02,   2.63327306e-01,
        -3.96735514e-01,  -1.05669184e-01,  -6.32700292e-02,
        -1.47213139e-02,   3.82502438e-03,   1.42780893e-01,
        -1.61669325e-02,  -1.32670103e-02,  -2.02072662e-02,
        -1.28533106e-02,   3.94707365e-02,  -2.12385181e-03,
        -1.46003495e-03,  -8.93852714e-03,  -1.52149531e-02,
        -1.03760968e-01,  -6.36639069e-02,  -9.20475513e-03,
         3.16278250e-01,   3.29762369e-01,  -7.35625291e-02,
        -2.29566329e-02,  -3.33940445e-02,   0.00000000e+00,
        -1.33478159e-01,  -4.46131868e-03,   1.01732478e-01,
         2.03292455e-01,  -9.61004527e-02,   8.64756985e-02,
        -1.77388562e-01,  -5.74487574e-02,  -7.51438169e-02,
        -4.43481145e-02,  -2.21670424e-01,   1.50181774e-01,
         9.56169720e-02,   4.52123060e-02,   4.30584105e-02,
        -7.92181678e-02,   2.36959829e-01,  -4.18246292e-02,
        -5.89144013e-03,  -7.74462328e-02,  -1.09934262e-01,
         9.29100798e-02,  -7.28049600e-02,  -7.32626719e-03,
         7.83684925e-02,   1.77667829e-02,  -1.10987919e-01,
        -3.44484262e-02,  -1.75062002e-02,   2.01682618e-02,
         1.40959354e-01,  -8.79803924e-02,   2.35708379e-01,
        -6.29590728e-01,   0.00000000e+00,  -3.88958604e-02,
         3.19963514e-01,  -3.97453795e-01,  -3.00540981e-03,
        -1.29889702e-01,  -2.51533605e-02,  -2.20990989e-01,
         2.86067658e-02,   2.08534504e-02,  -6.81374601e-04,
         4.77849919e-02,   1.66217912e-01,  -5.33040216e-03,
         5.84228707e-01,  -2.58746523e-02,   1.97414883e-01,
        -6.74538294e-02,   3.74114313e-02,   0.00000000e+00,
        -2.19057352e-02,  -1.53864764e-02,  -1.18910052e-01,
        -4.30616964e-01,  -4.51294184e-02,   2.40823558e-02,
        -2.68891771e-02,  -5.18731626e-02,  -1.00298136e-02,
        -1.22448199e-02,  -7.47222307e-02,   1.70379012e-01,
         1.04270503e-01,  -1.14799614e-01,   4.18586323e-02,
        -2.27953559e-02,  -3.73826490e-02,   1.01030593e-02,
         1.47767670e-01,   1.25997994e-01,  -2.28692425e-02,
         6.74896925e-03,  -6.05286683e-02,  -2.38430569e-02,
        -1.17858921e-01,  -4.39380463e-01,  -3.04479885e-02,
         1.02530853e-01,  -1.64082093e-01,   5.78345847e-03,
         7.18981764e-02,   3.74484903e-02,  -9.72080210e-02,
         1.76431711e-02,   2.04317911e-02,  -1.39161192e-01,
        -1.36907292e-01,   9.20907047e-03,  -1.19216165e-01,
        -1.21770888e-01,  -8.71534981e-02,   6.76300371e-02,
        -2.83755770e-01,   2.47069025e-01,  -1.84645256e-01,
        -1.20297662e-01,  -5.59727015e-03,   0.00000000e+00,
         0.00000000e+00,  -6.44852800e-02,  -1.26703649e-01,
         0.00000000e+00,  -1.32659997e-02,  -2.10526681e-02,
         6.53775228e-03,  -4.60128750e-02,   1.67991019e-01,
         3.17788388e-01,  -4.26368979e-03,   8.81523000e-02,
         4.71252668e-02,  -2.12385181e-03,  -8.99503116e-03,
        -1.35280530e-01,   1.10118251e-02,   1.06202640e-03,
        -7.90426060e-03,  -1.25207835e-01,   3.40713477e-02,
         9.02377741e-02,  -2.41872565e-02,  -1.97757413e-02,
        -2.27951702e-01,   1.66777636e-01,   6.53351780e-02,
        -2.72123326e-03,   5.06818259e-01,   2.95213129e-01,
        -9.20890904e-02,   1.05415620e-01,  -1.25404819e-01,
        -1.98512661e-03,  -6.76667911e-02,   1.95214199e-02,
        -4.75252888e-02,  -1.92833286e-01,   5.86603374e-02,
        -1.47434473e-02,  -1.78776764e-01,  -6.93047522e-02,
         3.54134037e-01,   0.00000000e+00,   2.99124201e-02,
        -1.08697508e-01,   8.83289753e-01,  -1.33245465e-01,
        -2.99742680e-02,   6.14302409e-02,   9.15085836e-02,
        -7.80734263e-02,  -2.48839726e-02,  -6.55371809e-02,
        -9.75578521e-02,   4.80476400e-01,  -1.98176425e-03,
         4.76033157e-03,  -1.22029546e-01,  -1.44355593e-02,
         0.00000000e+00,  -3.65102601e-01,  -1.59061639e-01,
        -1.13879835e-02,  -2.45575367e-01,  -3.51007040e-02,
        -4.43481145e-02,  -6.53181325e-02,  -1.43211227e-03,
        -8.63082573e-02,   6.84483632e-02,  -1.53627803e-01,
        -1.15907595e-01,  -6.12417329e-02,   5.17214987e-02,
         2.87499887e-02,  -3.26654385e-02,   6.48515717e-02,
        -4.68437789e-02,  -7.68959705e-02,  -4.00591356e-02])

----------------------------------------------------

HingeLoss
Training accuracy 0.753036, test accuracy 0.686347
w=array([  1.22416513e-01,  -7.10255221e-02,  -1.01764768e+00,
        -7.62719440e-03,  -2.94560969e-01,   3.61419618e-02,
        -5.63024861e-02,   1.87754474e-01,   2.19477844e-02,
         5.64085869e-02,  -5.56376313e-02,  -1.19397239e-01,
        -7.00850737e-03,  -3.33746479e+00,  -7.90974225e-03,
        -7.00850737e-03,  -2.26145728e-01,  -3.82033207e-01,
         3.68346000e-02,  -2.60427150e-01,  -1.28973089e+00,
        -6.31783760e-02,  -1.07450032e-01,  -1.98353530e-01,
        -5.14476949e-02,  -2.82708232e-01,  -7.00850737e-03,
        -2.83164722e+00,  -2.13839852e-01,   5.31159025e-01,
        -1.70633180e-01,  -1.98353530e-01,  -7.00850737e-03,
        -1.70319501e-01,   1.41941774e-02,  -6.26923065e-02,
         7.93076967e-03,  -1.40753653e+00,   1.41941774e-02,
        -4.54952942e-01,  -9.51742372e-02,  -9.79316178e-01,
        -1.14017015e-01,  -2.47734843e-01,   1.11141974e-01,
        -1.65055770e-01,  -2.08665456e-02,   7.04256017e-02,
        -1.47711722e+00,  -1.90020315e-01,  -1.97734843e-01,
        -1.13442738e-01,  -5.70085074e-02,   8.90176398e-02,
        -1.85606111e-03,  -2.15475544e-02,  -9.75857724e-01,
         7.80434852e-02,  -7.00850737e-03,  -7.80340295e-02,
        -2.13964656e-02,  -3.02917215e-01,  -1.07627194e-01,
        -4.74084082e-01,  -2.68585697e-01,  -5.32896563e-01,
        -1.42160067e-01,  -4.91791379e-02,  -1.62388731e-01,
        -8.76093645e-02,   2.77073460e-02,  -4.09767284e-01,
        -1.36717813e-02,   0.00000000e+00,   6.11601600e-02,
        -5.89875665e-01,  -9.88577860e-02,  -1.36420564e+00,
        -4.11052542e-01,   2.18953230e-02,  -7.00850737e-03,
         1.00672278e-01,  -1.21025522e-01,  -9.04097294e-02,
        -1.29953405e+00,  -1.74368812e-01,  -1.86279911e-01,
        -1.28431834e-01,  -2.01684905e-01,  -5.70085074e-02,
        -4.77530294e-02,   8.51580933e-02,   4.82184199e-01,
         0.00000000e+00,  -1.18741804e+00,  -4.90697358e-01,
        -3.80134357e-01,   1.43568956e-02,  -2.01651767e-01,
        -1.32614013e-01,  -2.47487216e+00,  -2.01214459e-02,
        -1.85974631e-01,  -5.54154102e-01,  -4.25991504e-02,
        -2.14128519e-01,  -1.62256114e-01,  -5.70085074e-02,
         4.37906460e-02,  -3.65211119e-01,  -1.77946695e-01,
        -1.78537876e-01,  -2.39401628e-01,   4.10591414e-03,
         0.00000000e+00,  -1.13742893e+00,  -1.82393120e-01,
        -7.67093212e-02,  -5.38217884e-01,  -5.64952055e-02,
        -1.75130631e-01,   1.59663881e-01,  -1.45958919e-01,
        -1.07392495e-01,   5.03361392e-02,  -9.93867756e-02,
        -1.90020315e-01,   1.17391550e-01,  -1.71882420e+00,
        -3.23632042e-01,  -2.41167860e-01,  -2.08665456e-02,
        -2.36898598e-01,  -1.62420883e-01,   8.64897304e-02,
        -7.00850737e-03,  -1.21025522e-01,  -1.07627194e-01,
        -5.06186870e-02,   2.64608668e-01,  -2.18558600e-01,
        -4.34939983e-01,  -7.67093212e-02,  -9.74738235e-01,
        -1.14895615e-01,  -5.86144639e-01,  -1.97734843e-01,
        -2.48560969e-01,  -1.44769491e-03,  -1.82393120e-01,
        -9.25991504e-02,   0.00000000e+00,  -1.33717829e-01,
        -4.14280549e-01,  -2.21618269e-01,   2.00917233e-02,
        -2.26229645e-01,  -4.21521174e-01,  -6.26923065e-02,
        -1.29357759e-02,  -1.28034029e-01,  -2.85592184e+00,
        -7.50831009e-03,  -4.93925989e-01,   6.82531189e-02,
        -1.27502839e-01,   1.35793595e-01,  -2.21774529e-01,
         2.19477844e-02,   2.92961726e-02,  -9.28193857e-02,
        -3.48835603e-02,   1.32603928e-01,   0.00000000e+00,
        -1.13310994e-01,   1.34770476e-02,  -1.65757931e-01,
         0.00000000e+00,   0.00000000e+00,  -9.45552459e-02,
        -1.25870682e-01,   0.00000000e+00,  -3.38877170e-01,
        -1.18773779e-01,  -1.25971041e+00,  -6.04917153e-01,
        -2.12211569e-01,  -1.26709321e-01,  -5.70085074e-02,
        -2.59063228e-01,  -4.11860464e-02,  -6.06085006e-01,
         6.44191684e-01,  -5.70085074e-02,   2.12486619e-01,
        -1.25384613e-01,  -5.63024861e-02,  -5.19755313e-02,
        -3.42304221e-01,  -4.58373231e-01,  -7.62719440e-03,
        -2.33463847e-01,  -2.42669731e-01,  -7.67093212e-02,
        -4.58822463e-01,  -6.26923065e-02,   0.00000000e+00,
         1.03388367e-01,   2.58893550e-01,  -4.53995437e-02,
        -1.08245881e-01,  -2.00827698e-01,  -3.32368285e-01,
         4.13767983e-02,  -1.70195960e+00,  -5.70085074e-02,
        -2.67276681e-01,  -7.00850737e-03,   9.70605974e-02,
        -4.14000848e-03,  -8.68112637e-02,   3.95063283e-01,
        -1.40170147e-02,  -6.40170147e-02,  -2.34249181e-01,
        -4.10559856e-01,  -1.42051044e-01,  -1.35042537e-01,
        -1.70938188e-01,  -1.26709321e-01,  -1.42995626e-02,
        -3.25461006e-01,  -5.43873807e-02,  -1.40030837e+00,
        -4.69368692e-01,  -7.62719440e-03,  -1.25207450e-01,
         7.87830828e-03,  -1.76709321e-01,   6.82531189e-02,
        -4.29365850e-01,   9.81316730e-02,   3.49310329e-02,
        -7.73280082e-02,  -6.23728088e-01,  -4.41913335e-02,
        -4.28571791e-01,  -1.04036749e-01,  -2.68602450e-01,
         8.91941895e-02,  -2.81965063e-01,  -8.45972023e-02,
        -1.72881583e-01,  -2.14755763e-01,  -2.21635771e-01,
        -5.63024861e-02,  -3.60069014e-01,  -2.28075726e+00,
        -2.78652716e-01,  -2.39401628e-01,  -4.49260573e-01,
        -1.78034029e-01,   0.00000000e+00,  -3.47259303e-02,
        -2.46410135e-01,  -4.43236478e-01,  -4.01334723e-03,
        -3.88373845e-01,  -5.86699522e-01,  -9.55478614e-01,
         0.00000000e+00,  -1.23385429e-01,   3.54084916e-02,
        -1.78726440e-01,  -1.55291457e-01,  -4.39547031e-01,
        -6.33526969e-01,   4.17520553e-03,   1.34170943e-02,
         0.00000000e+00,  -1.92582397e-01,   8.52671721e-02,
        -2.12989232e-01,  -4.77530294e-02,  -1.01532146e-01,
        -4.33596338e-01,  -7.14242574e-02,  -6.37970630e-02,
        -1.14017015e-01,  -1.96410135e-01,  -2.10406388e+00,
        -2.47929555e+00,   2.18953230e-02,  -2.18425288e-01,
        -5.01053852e-02,  -1.26709321e-01,  -1.25528824e+00,
        -5.76271944e-02,  -1.36953200e-02,  -6.38398521e-02,
        -4.91791379e-02,  -1.09176914e-01,   5.67006589e-03,
         3.28901305e-02,  -4.39478602e-01,   2.33307237e-01,
         6.96870806e-02,  -1.25870682e-01,  -7.40529923e-01,
        -4.98228373e-02,  -6.40170147e-02,  -4.89016365e-02,
        -1.27588695e-01,  -1.49811558e-01,  -3.50607230e-02,
         4.89264612e-02,  -1.89887697e-01,  -1.34336516e-01,
         1.03122145e-01,  -2.96423471e-02,  -5.66161651e-02,
        -1.17178558e-01,   1.98069146e-02,   1.41941774e-02,
         4.95723014e-02,   0.00000000e+00,  -2.82470094e-01,
        -5.70085074e-02,  -6.26923065e-02,  -7.01032598e-02,
        -5.55571629e-01,  -1.40170147e-02,  -1.14635702e-01,
        -1.97059792e-01,  -4.37629911e-01,  -5.70085074e-02,
        -7.85653823e-02,  -2.38508682e-01,  -4.90019752e-02,
        -6.40170147e-02,  -1.98220913e-01,  -1.71025522e-01,
        -1.26621987e-01,  -5.22797695e-01,  -7.46297965e-01,
        -1.21025522e-01,  -6.98685208e-02,  -1.40170147e-02,
        -2.48189751e-01,  -2.08483594e-02,  -5.87520731e-01,
         2.00917233e-02,   2.13654029e-02,   6.93080901e-03,
        -1.18565491e+00,  -1.86408223e-01,  -3.08161993e-01,
        -1.84336516e-01,  -6.18687035e-04,  -3.06512078e-01,
        -1.89515418e+00,  -6.26923065e-02,  -1.28034029e-01,
         1.41941774e-02,  -5.70085074e-02,   1.18939671e-01,
         1.41941774e-02,  -1.04452818e-01,  -1.63839852e-01,
        -2.28815832e-02,  -7.37666019e-01,  -2.37483894e-01,
        -2.08895299e-01,  -1.14017015e-01,  -7.62719440e-03,
        -6.33109935e-02,  -1.93288418e-01,  -7.00850737e-03,
        -4.20817344e-01,   0.00000000e+00,   0.00000000e+00,
        -3.16642302e-01,  -6.26923065e-02,  -7.66704800e-01,
        -2.55362038e-01,  -2.16442091e-02,  -1.26003300e-01,
        -6.46357018e-02,  -1.77328008e-01,  -1.53390011e-01,
         2.83883548e-02,  -7.00850737e-03,   0.00000000e+00,
         8.45173470e-02,  -3.44070727e-01,  -1.55291457e-01,
        -1.50630353e+00,  -7.03195009e-02,   6.07823025e-02,
        -1.13196153e-01,  -4.98228373e-02,  -5.76271944e-02,
        -8.40058684e-01,  -1.06125323e-01,  -1.14017015e-01,
         0.00000000e+00,  -2.85560617e-02,   1.41941774e-02,
        -2.10255221e-02,  -1.28652716e-01,  -2.10255221e-02,
        -8.50425368e-02,  -3.67877182e-01,  -6.40860943e-02,
        -1.42125008e-01,  -2.69700079e-02,  -2.12299964e-01,
        -2.46410135e-01,  -1.84459502e-01,   2.08909656e-02,
        -9.90777377e-02,  -3.27408040e-01,   9.63731994e-02,
        -1.90020315e-01,   1.10270873e-02,  -1.40726336e-01,
        -7.67093212e-02,  -1.89401628e-01,  -6.26923065e-02,
        -4.96885232e-01,  -1.34203898e-01,  -2.27946695e-01,
        -9.25991504e-02,   0.00000000e+00,  -4.45292524e-01,
        -1.24285188e-01,   0.00000000e+00,  -5.84264230e-01,
        -9.89208869e-02,  -3.19115865e+00,  -9.05533269e-01,
        -2.53198691e-01,  -2.26440606e+00,  -1.08854938e-01,
        -2.81383524e-01,  -1.91230182e-01,  -1.40170147e-02,
        -2.08665456e-02,   0.00000000e+00,  -2.46322801e-01,
        -3.64408170e-01,  -5.15510562e-01,  -1.83717829e-01,
        -1.48972217e-01,  -1.56983672e-01,  -1.26709321e-01,
        -5.66161651e-02,  -8.15921191e-02,  -5.93900300e-01,
        -4.06676386e-01,  -6.26923065e-02,  -4.84981291e-02,
        -7.10255221e-02,  -3.57986002e-01,  -1.01003500e+00,
        -5.76271944e-02,  -4.45205190e-01,  -2.93288418e-01,
        -4.72887344e-01,   1.18661813e-02,  -3.82240029e-02,
        -1.21676345e-01,   2.19477844e-02,  -1.14017015e-01,
        -1.06086245e-01,  -6.40170147e-02,  -1.28034029e-01,
        -1.20319501e-01,  -1.29368374e-02,  -2.16442091e-02,
        -7.00850737e-03,  -3.09721129e-01,   9.94613495e-02,
        -3.33063484e-01,  -3.43536402e-02,  -6.93464885e-02,
        -1.16944907e+00,  -6.40170147e-02,  -1.40170147e-02,
        -4.37982936e-01,   3.92342237e-04,  -1.46357018e-02,
        -4.12744421e-02,  -1.33717829e-01,  -2.75768873e-01,
        -5.44253976e-02,  -3.56686746e-01,  -2.16014251e+00,
        -3.46001039e-01,  -1.14017015e-01,  -1.19700814e-01,
        -1.83717829e-01,  -2.38695606e-01,  -5.70085074e-02,
        -1.14635702e-01,  -7.16442091e-02,  -6.26923065e-02,
        -1.40892144e-01,  -1.19700814e-01,  -7.03195009e-02,
        -1.38715169e-01,  -9.26697312e-02,  -9.09936013e-01,
         1.41941774e-02,   1.41941774e-02,  -6.40170147e-02,
        -2.62901898e-01,  -5.63201100e-01,  -9.98018004e-01,
         0.00000000e+00,  -1.26349998e+00,  -9.93272772e-01,
        -1.26709321e-01,  -1.77074027e-01,  -4.98938992e-02,
        -1.07627194e-01,   1.49392770e-02,  -7.86527165e-02,
        -5.55954034e-02,  -1.89887697e-01,  -2.19523651e-01,
        -1.34313939e-01,  -2.36802693e-01,  -1.23916881e-01,
        -2.28330375e-01,   5.03361392e-02,  -6.18687035e-04,
         6.69678823e-03,   2.21249471e-02,  -1.34336516e-01,
        -2.96807940e-01,  -6.40170147e-02,   1.41941774e-02,
        -1.19700814e-01,  -5.70085074e-02,   6.50466124e-03,
        -3.71097769e-01,  -1.27195391e-01,  -6.39296805e-02,
        -1.64414820e-01,  -4.60627421e-01,   0.00000000e+00,
         2.68727507e-02,  -6.79351823e-01,  -1.91064594e-01,
         6.12446116e-02,   1.73756185e-01,   0.00000000e+00,
        -1.44763085e-01,  -1.19700814e-01,   3.94009976e-02,
        -1.99237405e-01,  -1.40170147e-02,  -7.67093212e-02,
        -1.75787059e-01,  -3.17100579e-01,  -6.90630386e-01,
        -1.21644209e-01,  -3.48972217e-01,  -2.92260636e-01,
        -5.99931413e-01,   2.51330080e-01,   1.18327644e-01,
         3.29448180e-01,  -1.48118791e-01,  -1.71882420e+00,
         0.00000000e+00,   5.75996486e-01,  -1.21025522e-01,
        -4.07445221e-02,  -8.67533235e-01,  -3.06068059e-01,
        -1.76709321e-01,  -5.82458814e-02,  -7.62719440e-03,
        -4.22844099e-02,   0.00000000e+00,   7.71559009e-03,
        -7.62719440e-03,  -3.49310926e-01,  -1.96703790e-02,
        -1.99615006e-02,   1.92997722e-01,  -1.67364656e-02,
         7.61905053e-03,   9.11708338e-03,  -5.06186870e-02,
        -1.55380224e-01,  -1.06125323e-01,  -8.29849039e-04,
         2.13654029e-02,  -7.00850737e-03,  -2.75975658e-01,
         0.00000000e+00,  -2.58052450e-02,  -3.80586613e-01,
         2.61424655e-02,  -3.46683807e-02,  -2.37483894e-01,
        -2.20299820e-01,  -2.13133831e-01,  -1.01141495e-02,
        -9.00028009e-01,  -3.11529144e-01,  -1.51563753e-01,
        -2.13094752e-01,   1.35131686e-02,   1.32603928e-01,
        -5.63024861e-02,  -6.40170147e-02,  -7.14115125e-01,
        -5.70085074e-02,  -4.20647731e-02,  -7.00850737e-03,
        -7.00850737e-03,  -7.86527165e-02,  -6.26923065e-02,
        -1.69183770e-01,  -9.77348433e-02,  -5.70085074e-02,
         1.72377301e-01,   2.55222156e-01,  -3.03860167e-01,
        -6.46357018e-02,  -2.73931924e-01,   0.00000000e+00,
        -2.81851407e-01,  -4.07969835e-02,  -7.60236102e-01,
         2.17709537e-01,  -2.97532668e-01,  -5.89498852e-02,
        -2.96190183e-01,  -1.12515144e-01,  -1.77195391e-01,
        -2.68603883e-01,  -5.81749597e-01,   1.52107438e-01,
        -1.87199565e-01,  -9.23709013e-02,  -5.67049321e-02,
        -1.27195391e-01,   2.23630662e-01,  -1.49059552e-01,
        -2.38904357e-01,  -1.84821655e-01,  -2.55893391e-01,
         7.22839236e-02,  -2.36898598e-01,  -2.73982674e-01,
         5.03361392e-02,  -2.16531581e-01,  -3.40404575e-01,
        -1.13929681e-01,  -3.58110576e-01,  -3.55906430e-02,
         7.48448611e-02,  -1.40726336e-01,   1.49949520e-01,
        -1.42060529e+00,   0.00000000e+00,  -2.48553280e-01,
         2.90759594e-01,  -8.59584123e-01,  -5.70085074e-02,
        -3.10339816e-01,  -6.40170147e-02,  -3.19733243e-01,
        -4.92752122e-02,  -9.19631295e-02,  -7.05832821e-02,
        -2.76598734e-02,   1.35649477e-01,  -7.00850737e-03,
         4.17931483e-01,  -1.19700814e-01,   9.74991153e-02,
        -2.96636480e-01,  -1.27624353e-01,   0.00000000e+00,
        -2.23046793e-02,  -3.80586613e-01,  -2.68540414e-01,
        -9.01998712e-01,  -3.56825329e-01,   1.44093570e-02,
        -1.12299964e-01,  -1.76709321e-01,  -4.18666868e-01,
        -5.63024861e-02,  -1.77813147e-01,   1.44844233e-01,
        -1.05731927e-01,  -2.97973888e-01,  -5.69656188e-02,
        -1.14017015e-01,  -9.77530294e-02,  -7.71299533e-02,
         1.00672278e-01,   9.69918864e-02,  -6.26923065e-02,
         1.41941774e-02,  -1.89314293e-01,  -2.55004037e-01,
        -1.76974509e-01,  -9.36803419e-01,  -7.16442091e-02,
        -6.68889952e-01,  -2.52093934e-01,   1.41941774e-02,
         7.73329519e-03,  -8.38714315e-03,  -1.65551314e-01,
        -3.55906430e-02,  -1.01869431e-01,  -4.95133304e-01,
        -2.59102441e-01,  -7.16187344e-02,  -1.72345435e+00,
        -7.99062366e-01,  -1.47734843e-01,  -1.50105324e-01,
        -7.81555533e-01,   2.30274989e-01,  -4.32557428e-01,
        -2.19185617e-01,  -7.00850737e-03,   0.00000000e+00,
         0.00000000e+00,  -1.92669731e-01,  -3.51562446e-01,
         0.00000000e+00,  -1.14017015e-01,  -5.21932425e-01,
        -3.78882285e-02,  -7.79466953e-02,   1.25354469e-01,
         1.08149215e-01,  -7.10255221e-02,  -5.57397109e-01,
        -2.36746667e-02,  -7.00850737e-03,  -2.10255221e-02,
        -6.16368080e-01,  -4.27403788e-02,  -1.07450032e-01,
        -1.14017015e-01,  -1.67503437e-01,   2.00917233e-02,
         6.77908099e-02,  -1.21025522e-01,  -6.04961427e-01,
        -3.67075256e-01,   1.02971056e-01,  -1.00382393e-02,
        -7.00850737e-03,   4.12983977e-01,   1.80087341e-01,
        -2.46410135e-01,   8.24472963e-02,  -2.39180745e-01,
        -5.70085074e-02,  -1.33717829e-01,  -1.51848490e+00,
        -1.71025522e-01,  -3.63607919e-01,   2.10828551e-02,
        -1.12654994e+00,  -1.78852502e+00,  -1.20232167e-01,
         1.15032073e-01,   0.00000000e+00,   3.49310329e-02,
        -4.01772173e-01,   7.88066979e-01,  -4.29266643e-01,
        -2.88302203e-01,   1.49392770e-02,   6.40644874e-02,
        -1.69910405e-01,  -3.57030070e-02,  -4.60685390e-01,
        -1.89887697e-01,   3.71210139e-01,  -4.90777377e-02,
        -1.04674203e-01,  -4.32071359e-01,  -1.19700814e-01,
         0.00000000e+00,  -1.05735562e+00,  -6.91320187e-01,
        -1.13071345e-01,  -1.05486714e+00,  -7.55458787e-02,
        -2.68603883e-01,  -2.43201084e-01,  -5.70085074e-02,
        -6.26923065e-02,  -7.68263780e-02,  -2.67435657e-01,
        -1.72286762e-01,  -1.84336516e-01,  -6.49442658e-02,
        -4.83717165e-02,  -1.85661224e-01,  -1.79207559e-01,
        -7.98900906e-02,  -2.46410135e-01,  -7.41189573e-02])

----------------------------------------------------

Word ID
0yellow
1four
2elegant
3contributes
4herb
5jasmine
6here
7lychee
8golden
9brings
10glass
11example
12place
13wine
14fig
15braised
16grapes
17mouth
18touches
19than
20rich
21
22nicely
23release
24result
25best
26lots
27tannins
28blending
29grapefruit
30lift
31toasted
32tuna
33unique
34right
35old
36creek
37for
38slightly
39mocha
40perfumed
41cassis
42floor
43time
44reminiscent
45along
46brilliant
47love
48red
49harmonious
50toffee
51such
52natural
53varieties
54so
55scents
56years
57salads
58complimented
59quite
60intensely
61one
62open
63structured
642
65lingering
66note
67appellation
68terroir
69accented
70peaches
71bright
72where
73paired
74mature
75concentrated
76many
77s
78expression
79combines
80combined
81aperitif
82veal
83summer
84dark
85world
86cellar
87power
88stone
89favorite
90fruit-forward
91lively
92tropical
93clones
94an
95as
96at
97cream
98aromatic
99herbs
100to
101enjoyable
102small
103full
104sweetness
105followed
106young
107select
108pears
109more
110pleasing
111beautiful
112winemaker
113freshly
114mousse
115its
116sauce
117always
118silky
119pairs
120seamlessly
121fermented
122also
123barrel
124gold
125blended
126caramel
127river
128#
129firm
130beautifully
131cuisine
132cigar
133aroma
134hues
135d
136continue
137yields
138spring
139pale
140t
141be
142santa
143by
144into
145:
146opens
147up
148us
149maturity
150mouthwatering
151tart
152elements
153age
154fresh
155minerals
156try
157great
158resulting
159makes
160next
161this
162high
163vineyards
164produced
165perfect
1662011
1672010
168delightful
169accompanied
170length
171accompaniment
172steel
173gently
174gentle
175dishes
176seductive
177persistence
178bring
179should
180planted
181sangiovese
182crafted
183taste
184ripe
185lush
186complemented
187upon
188off
189generous
190combine
191cedar
192crisp
193almonds
194passion
195mouth-filling
196three
197pairing
198delivers
199smooth
200blueberries
201textured
202smoky
203smoke
204blueberry
205elegantly
206pizza
207chilled
208green
209highlights
210savory
211then
212coffee
213they
214aromas
215bread
216lifted
217allspice
218created
219herbal
220another
221gooseberry
222hazelnut
223flavorful
224reserve
225subtle
226enjoyed
227toast
228personality
229de
230appealing
231we
232climate
233has
234verdot
235exudes
236mingle
237adding
238hills
239cooler
240purple
241/
242peel
243months
244balanced
245way
246was
247true
248winery
249together
250layers
251grape
252brown
253supported
254medium-bodied
255offering
256enticing
257flavors
258jam
259wonderfully
260can
261purity
262produce
263typical
264still
265cola
266not
267now
268shows
269that
270thai
271flowers
272apples
273fruits
274fruity
275nuances
276texture
277only
278truly
279carneros
280leather
281honeydew
2823
283between
284comes
285ruby
286these
287soil
288pastas
289develop
290finish
291fruit
292lees
293touch
294complements
295amp
296blackberry
297fully
298central
299barrels
300your
301weight
302low
303tones
304you
305pear
306alcohol
307vines
308very
309strong
310well-structured
311family
312producing
313food
314dominated
3157
316drink
317american
318blossom
319wonderful
320alongside
321juicy
322showcases
323clear
324clean
325mourvedre
326velvety
327northern
328during
329alexander
330full-bodied
331perfume
332conditions
333both
334napa
335wet
336intriguing
337while
338match
339petal
340concentration
341pomegranate
342five
343roasted
344cherries
345...
346showing
347game
348some
349lingers
350raspberry
351aftertaste
352russian
353acidity
354structure
355depth
356berries
357sonoma
358friendly
359espresso
360;
361raspberries
362focused
363crab
364reflects
365tangerine
366salad
367located
368including
369cellaring
370wines
371powerful
372quality
373attack
374wrapped
375perfectly
376approachable
377lightly
378but
379impression
380achieve
381jammy
382overall
383tobacco
384nutmeg
385well-integrated
386powder
387overtones
388addition
389varietal
390poultry
391i
392barossa
393variety
394well
395sourced
396oak
397density
398ample
399crushed
400immediately
401cranberry
402cocoa
403additional
404strawberries
405friends
406persistent
407asian
408fine-grained
409baking
410lavender
411even
412new
413100
414dry
415vintages
416county
417warm
418give
419honey
420foods
421aging
422lengthy
423before
424combination
425meat
426roast
427signature
428features
429mint
430don
431sugar
432coast
433bay
434grilled
435lovely
436mushroom
437balance
438well-balanced
439is
440it
441soils
442in
443grown
444make
445opulent
446butter
447qualities
448smoked
449just
450yet
451character
452background
453boysenberry
454dense
455bold
456ribs
457refined
458classic
459petit
460mild
461abundant
462milk
463round
464currant
465adds
466french
467box
468vineyard
469creamy
470growing
471making
472pink
473range
474pure
475may
476provide
477within
478rock
479richly
480after
481california
482passionfruit
483first
484exotic
485cheese
486long
487carry
488little
48910
49012
49115
492were
493potential
494pair
495especially
496gracefully
497black
498plums
499get
500characteristic
501finishing
502satisfying
503enough
504chewy
505across
506those
507characteristics
508same
509bottle
510flavor
5114
512nose
513served
514malolactic
515mixed
516anise
517spicy
518spice
519strawberry
520palate
521deep
522fill
523crimson
524distinct
525two
526middle
527!
528petite
529different
530rounded
531through
53220
533good
534delicious
535fish
536hard
537quince
538pleasant
539aged
540mountain
541acid
542salmon
543most
544extremely
545particularly
546fine
547find
5488
549vine
550blackcurrant
551champagne
552complement
553supple
554create
555solid
556itself
557finesse
558entry
559alluring
560cut
561big
562duck
563back
564framed
565forward
566%
5672006
5682007
5692008
5702009
571zest
572giving
573minerality
574body
57539
57630
577lime
578seamless
579harvest
580hints
581lamb
582forest
583profile
584bing
585la
586grenache
587freshness
588sirah
589franc
590south
591finest
592fermentation
593have
594mid
595mix
596selection
597exceptional
598bean
599intensity
600enhanced
601finishes
602mouthfeel
603almost
604partner
605)
606richness
607underlying
608add
609like
610inviting
611vibrant
612soft
613pepper
614slight
615about
616fleshy
617stainless
618versatile
619pie
620our
62140
622out
623baked
624every
625enjoy
626almond
627expressive
628blue
629selected
630zesty
631straw
632meats
633would
634excellent
635abundance
636estate
637end
638complexity
639oysters
640over
641exhibits
642each
643lasting
644days
645top
646licorice
647serve
648displays
649-
650elegance
651
652pineapple
653currants
654aromatics
655sage
656earth
657shellfish
658plush
659fragrant
660honeysuckle
661layered
662beef
663been
664complex
665several
666characters
667hearty
668possesses
669cherry
67050
671core
672meyer
673plum
674tannic
675tannin
676finely
677medium
678no
679when
680luscious
681leads
682guava
683displaying
684melon
685winemaking
686cool
687pork
688dried
689goes
690cinnamon
691(
692steak
693chocolate
6941
695flavored
696floral
697mushrooms
698offers
699array
700earthy
701white
702gives
703hue
704season
705wide
706any
707ideal
708seafood
709nectarine
710wood
711lighter
712reveals
713come
714region
715berry
7166
717color
718coupled
719candied
720driven
721delicate
722bodied
723without
724mid-palate
725hint
726rose
727provides
728on
729or
730garnet
731there
732valley
733grass
7345
735all
736follow
737sparkling
738bubbles
739tea
740cheeses
741what
742known
743style
744feel
745leading
746added
747mineral
748traditional
749are
750distinctive
751creme
752creating
753sweet
754due
7559
756brooding
757robust
758edge
759butterscotch
760sauces
761intense
762youthful
763apricot
764undertones
765sandalwood
766lemon
767peach
768nice
769backbone
770broad
771include
772drinking
773notes
774spiced
775spices
776apple
777from
778&
779sip
780light
781brioche
782orange
783blackberries
784citrus
785integrated
786bouquet
787their
788flavours
789violets
790clove
791which
792who
793refreshing
794chicken
795bottling
796violet
797superb
798ginger
799vanilla
800will
801wild
802vintage
803succulent
804spectator
805other
806attractive
807throughout
808leaf
809lead
810leap
811pasta
812linger
813own
814polished
815made
816graphite
817year
818toasty
